2014-01-31 17:25:01,795 [http-bio-8080-exec-5] ERROR StackTrace  - Full Stack Trace:
org.h2.jdbc.JdbcSQLException: Table "RACE" not found; SQL statement:
select this_.id as id1_0_, this_.version as version1_0_, this_.city as city1_0_, this_.cost as cost1_0_, this_.distance as distance1_0_, this_.max_runners as max6_1_0_, this_.name as name1_0_, this_.start_date_time as start8_1_0_, this_.state as state1_0_ from race this_ limit ? [42102-164]
	at org.h2.message.DbException.getJdbcSQLException(DbException.java:329)
	at org.h2.message.DbException.get(DbException.java:169)
	at org.h2.message.DbException.get(DbException.java:146)
	at org.h2.command.Parser.readTableOrView(Parser.java:4753)
	at org.h2.command.Parser.readTableFilter(Parser.java:1080)
	at org.h2.command.Parser.parseSelectSimpleFromPart(Parser.java:1686)
	at org.h2.command.Parser.parseSelectSimple(Parser.java:1793)
	at org.h2.command.Parser.parseSelectSub(Parser.java:1680)
	at org.h2.command.Parser.parseSelectUnion(Parser.java:1523)
	at org.h2.command.Parser.parseSelect(Parser.java:1511)
	at org.h2.command.Parser.parsePrepared(Parser.java:405)
	at org.h2.command.Parser.parse(Parser.java:279)
	at org.h2.command.Parser.parse(Parser.java:251)
	at org.h2.command.Parser.prepareCommand(Parser.java:217)
	at org.h2.engine.Session.prepareLocal(Session.java:415)
	at org.h2.engine.Session.prepareCommand(Session.java:364)
	at org.h2.jdbc.JdbcConnection.prepareCommand(JdbcConnection.java:1121)
	at org.h2.jdbc.JdbcPreparedStatement.<init>(JdbcPreparedStatement.java:71)
	at org.h2.jdbc.JdbcConnection.prepareStatement(JdbcConnection.java:267)
	at org.apache.commons.dbcp.DelegatingConnection.prepareStatement(DelegatingConnection.java:281)
	at org.apache.commons.dbcp.PoolingDataSource$PoolGuardConnectionWrapper.prepareStatement(PoolingDataSource.java:313)
	at sun.reflect.NativeMethodAccessorImpl.invoke0(Native Method)
	at sun.reflect.NativeMethodAccessorImpl.invoke(NativeMethodAccessorImpl.java:57)
	at sun.reflect.DelegatingMethodAccessorImpl.invoke(DelegatingMethodAccessorImpl.java:43)
	at java.lang.reflect.Method.invoke(Method.java:606)
	at org.springsource.loaded.ri.ReflectiveInterceptor.jlrMethodInvoke(ReflectiveInterceptor.java:1259)
	at org.springframework.jdbc.datasource.TransactionAwareDataSourceProxy$TransactionAwareInvocationHandler.invoke(TransactionAwareDataSourceProxy.java:239)
	at com.sun.proxy.$Proxy23.prepareStatement(Unknown Source)
	at org.hibernate.jdbc.AbstractBatcher.getPreparedStatement(AbstractBatcher.java:534)
	at org.hibernate.jdbc.AbstractBatcher.getPreparedStatement(AbstractBatcher.java:452)
	at org.hibernate.jdbc.AbstractBatcher.prepareQueryStatement(AbstractBatcher.java:161)
	at org.hibernate.loader.Loader.prepareQueryStatement(Loader.java:1700)
	at org.hibernate.loader.Loader.doQuery(Loader.java:801)
	at org.hibernate.loader.Loader.doQueryAndInitializeNonLazyCollections(Loader.java:274)
	at org.hibernate.loader.Loader.doList(Loader.java:2542)
	at org.hibernate.loader.Loader.listIgnoreQueryCache(Loader.java:2276)
	at org.hibernate.loader.Loader.list(Loader.java:2271)
	at org.hibernate.loader.criteria.CriteriaLoader.list(CriteriaLoader.java:119)
	at org.hibernate.impl.SessionImpl.list(SessionImpl.java:1716)
	at org.hibernate.impl.CriteriaImpl.list(CriteriaImpl.java:347)
	at grails.orm.PagedResultList.<init>(PagedResultList.java:55)
	at org.codehaus.groovy.grails.orm.hibernate.metaclass.ListPersistentMethod$1.doInHibernate(ListPersistentMethod.java:66)
	at org.springframework.orm.hibernate3.HibernateTemplate.doExecute(HibernateTemplate.java:406)
	at org.springframework.orm.hibernate3.HibernateTemplate.executeFind(HibernateTemplate.java:343)
	at org.codehaus.groovy.grails.orm.hibernate.metaclass.ListPersistentMethod.doInvokeInternal(ListPersistentMethod.java:56)
	at org.codehaus.groovy.grails.orm.hibernate.metaclass.AbstractStaticPersistentMethod.invoke(AbstractStaticPersistentMethod.java:72)
	at org.codehaus.groovy.grails.orm.hibernate.metaclass.AbstractStaticPersistentMethod.invoke(AbstractStaticPersistentMethod.java:65)
	at sun.reflect.NativeMethodAccessorImpl.invoke0(Native Method)
	at sun.reflect.NativeMethodAccessorImpl.invoke(NativeMethodAccessorImpl.java:57)
	at sun.reflect.DelegatingMethodAccessorImpl.invoke(DelegatingMethodAccessorImpl.java:43)
	at java.lang.reflect.Method.invoke(Method.java:606)
	at org.springsource.loaded.ri.ReflectiveInterceptor.jlrMethodInvoke(ReflectiveInterceptor.java:1259)
	at org.codehaus.groovy.runtime.callsite.PojoMetaMethodSite$PojoCachedMethodSite.invoke(PojoMetaMethodSite.java:189)
	at org.codehaus.groovy.runtime.callsite.PojoMetaMethodSite.call(PojoMetaMethodSite.java:53)
	at org.codehaus.groovy.runtime.callsite.CallSiteArray.defaultCall(CallSiteArray.java:45)
	at org.codehaus.groovy.runtime.callsite.AbstractCallSite.call(AbstractCallSite.java:108)
	at org.codehaus.groovy.runtime.callsite.AbstractCallSite.call(AbstractCallSite.java:124)
	at org.codehaus.groovy.grails.orm.hibernate.HibernateGormStaticApi.list(HibernateGormEnhancer.groovy:315)
	at firstdemo.Race.list(Race.groovy)
	at firstdemo.Race$list.call(Unknown Source)
	at org.codehaus.groovy.runtime.callsite.CallSiteArray.defaultCall(CallSiteArray.java:45)
	at org.codehaus.groovy.runtime.callsite.AbstractCallSite.call(AbstractCallSite.java:108)
	at org.codehaus.groovy.runtime.callsite.AbstractCallSite.call(AbstractCallSite.java:116)
	at firstdemo.RaceController.list(script13911682840081976847007.groovy:15)
	at firstdemo.RaceController.list(script13911682840081976847007.groovy)
	at sun.reflect.NativeMethodAccessorImpl.invoke0(Native Method)
	at sun.reflect.NativeMethodAccessorImpl.invoke(NativeMethodAccessorImpl.java:57)
	at sun.reflect.DelegatingMethodAccessorImpl.invoke(DelegatingMethodAccessorImpl.java:43)
	at java.lang.reflect.Method.invoke(Method.java:606)
	at org.springsource.loaded.ri.ReflectiveInterceptor.jlrMethodInvoke(ReflectiveInterceptor.java:1259)
	at org.codehaus.groovy.reflection.CachedMethod.invoke(CachedMethod.java:90)
	at groovy.lang.MetaMethod.doMethodInvoke(MetaMethod.java:233)
	at groovy.lang.MetaClassImpl.invokeMethod(MetaClassImpl.java:1082)
	at groovy.lang.ExpandoMetaClass.invokeMethod(ExpandoMetaClass.java:1106)
	at groovy.lang.MetaClassImpl.invokeMethod(MetaClassImpl.java:949)
	at groovy.lang.ExpandoMetaClass.invokeMethod(ExpandoMetaClass.java:1106)
	at groovy.lang.MetaClassImpl.invokeMethod(MetaClassImpl.java:906)
	at groovy.lang.Closure.call(Closure.java:412)
	at groovy.lang.Closure.call(Closure.java:406)
	at org.codehaus.groovy.grails.web.servlet.mvc.MixedGrailsControllerHelper.invoke(MixedGrailsControllerHelper.java:71)
	at grails.plugin.cache.web.ProxyAwareMixedGrailsControllerHelper.invoke(ProxyAwareMixedGrailsControllerHelper.java)
	at org.codehaus.groovy.grails.web.servlet.mvc.AbstractGrailsControllerHelper.handleAction(AbstractGrailsControllerHelper.java:348)
	at grails.plugin.cache.web.ProxyAwareMixedGrailsControllerHelper.handleAction(ProxyAwareMixedGrailsControllerHelper.java)
	at org.codehaus.groovy.grails.web.servlet.mvc.AbstractGrailsControllerHelper.executeAction(AbstractGrailsControllerHelper.java:231)
	at grails.plugin.cache.web.ProxyAwareMixedGrailsControllerHelper.executeAction(ProxyAwareMixedGrailsControllerHelper.java)
	at org.codehaus.groovy.grails.web.servlet.mvc.AbstractGrailsControllerHelper.handleURI(AbstractGrailsControllerHelper.java:197)
	at grails.plugin.cache.web.ProxyAwareMixedGrailsControllerHelper.handleURI(ProxyAwareMixedGrailsControllerHelper.java)
	at org.codehaus.groovy.grails.web.servlet.mvc.AbstractGrailsControllerHelper.handleURI(AbstractGrailsControllerHelper.java:118)
	at grails.plugin.cache.web.ProxyAwareMixedGrailsControllerHelper.handleURI(ProxyAwareMixedGrailsControllerHelper.java)
	at org.codehaus.groovy.grails.web.servlet.mvc.SimpleGrailsController.handleRequest(SimpleGrailsController.java:72)
	at org.springframework.web.servlet.mvc.SimpleControllerHandlerAdapter.handle(SimpleControllerHandlerAdapter.java:48)
	at org.codehaus.groovy.grails.web.servlet.GrailsDispatcherServlet.doDispatch(GrailsDispatcherServlet.java:328)
	at org.springframework.web.servlet.DispatcherServlet.doService(DispatcherServlet.java:852)
	at org.springframework.web.servlet.FrameworkServlet.processRequest(FrameworkServlet.java:882)
	at org.springframework.web.servlet.FrameworkServlet.doGet(FrameworkServlet.java:778)
	at javax.servlet.http.HttpServlet.service(HttpServlet.java:621)
	at javax.servlet.http.HttpServlet.service(HttpServlet.java:728)
	at org.apache.catalina.core.ApplicationFilterChain.internalDoFilter(ApplicationFilterChain.java:305)
	at org.apache.catalina.core.ApplicationFilterChain.doFilter(ApplicationFilterChain.java:210)
	at grails.plugin.cache.web.filter.PageFragmentCachingFilter.doFilter(PageFragmentCachingFilter.java:186)
	at grails.plugin.cache.web.filter.simple.MemoryPageFragmentCachingFilter.doFilter(MemoryPageFragmentCachingFilter.java)
	at grails.plugin.cache.web.filter.AbstractFilter.doFilter(AbstractFilter.java:63)
	at org.springframework.web.filter.DelegatingFilterProxy.invokeDelegate(DelegatingFilterProxy.java:346)
	at org.springframework.web.filter.DelegatingFilterProxy.doFilter(DelegatingFilterProxy.java:259)
	at org.apache.catalina.core.ApplicationFilterChain.internalDoFilter(ApplicationFilterChain.java:243)
	at org.apache.catalina.core.ApplicationFilterChain.doFilter(ApplicationFilterChain.java:210)
	at org.springframework.web.filter.OncePerRequestFilter.doFilter(OncePerRequestFilter.java:70)
	at org.apache.catalina.core.ApplicationFilterChain.internalDoFilter(ApplicationFilterChain.java:243)
	at org.apache.catalina.core.ApplicationFilterChain.doFilter(ApplicationFilterChain.java:210)
	at org.springframework.web.filter.OncePerRequestFilter.doFilter(OncePerRequestFilter.java:70)
	at org.apache.catalina.core.ApplicationFilterChain.internalDoFilter(ApplicationFilterChain.java:243)
	at org.apache.catalina.core.ApplicationFilterChain.doFilter(ApplicationFilterChain.java:210)
	at org.springframework.web.filter.OncePerRequestFilter.doFilter(OncePerRequestFilter.java:70)
	at org.apache.catalina.core.ApplicationFilterChain.internalDoFilter(ApplicationFilterChain.java:243)
	at org.apache.catalina.core.ApplicationFilterChain.doFilter(ApplicationFilterChain.java:210)
	at org.apache.catalina.core.ApplicationDispatcher.invoke(ApplicationDispatcher.java:749)
	at org.apache.catalina.core.ApplicationDispatcher.processRequest(ApplicationDispatcher.java:487)
	at org.apache.catalina.core.ApplicationDispatcher.doForward(ApplicationDispatcher.java:412)
	at org.apache.catalina.core.ApplicationDispatcher.forward(ApplicationDispatcher.java:339)
	at org.codehaus.groovy.grails.web.util.WebUtils.forwardRequestForUrlMappingInfo(WebUtils.java:314)
	at org.codehaus.groovy.grails.web.util.WebUtils.forwardRequestForUrlMappingInfo(WebUtils.java:279)
	at org.codehaus.groovy.grails.web.util.WebUtils.forwardRequestForUrlMappingInfo(WebUtils.java:270)
	at org.codehaus.groovy.grails.web.mapping.filter.UrlMappingsFilter.doFilterInternal(UrlMappingsFilter.java:222)
	at org.springframework.web.filter.OncePerRequestFilter.doFilter(OncePerRequestFilter.java:76)
	at org.apache.catalina.core.ApplicationFilterChain.internalDoFilter(ApplicationFilterChain.java:243)
	at org.apache.catalina.core.ApplicationFilterChain.doFilter(ApplicationFilterChain.java:210)
	at org.codehaus.groovy.grails.web.sitemesh.GrailsPageFilter.obtainContent(GrailsPageFilter.java:206)
	at org.codehaus.groovy.grails.web.sitemesh.GrailsPageFilter.doFilter(GrailsPageFilter.java:152)
	at org.apache.catalina.core.ApplicationFilterChain.internalDoFilter(ApplicationFilterChain.java:243)
	at org.apache.catalina.core.ApplicationFilterChain.doFilter(ApplicationFilterChain.java:210)
	at javax.servlet.FilterChain$doFilter.call(Unknown Source)
	at org.grails.plugin.resource.DevModeSanityFilter.doFilter(DevModeSanityFilter.groovy:44)
	at org.apache.catalina.core.ApplicationFilterChain.internalDoFilter(ApplicationFilterChain.java:243)
	at org.apache.catalina.core.ApplicationFilterChain.doFilter(ApplicationFilterChain.java:210)
	at org.codehaus.groovy.grails.web.servlet.mvc.GrailsWebRequestFilter.doFilterInternal(GrailsWebRequestFilter.java:69)
	at org.springframework.web.filter.OncePerRequestFilter.doFilter(OncePerRequestFilter.java:76)
	at org.apache.catalina.core.ApplicationFilterChain.internalDoFilter(ApplicationFilterChain.java:243)
	at org.apache.catalina.core.ApplicationFilterChain.doFilter(ApplicationFilterChain.java:210)
	at org.codehaus.groovy.grails.web.filters.HiddenHttpMethodFilter.doFilterInternal(HiddenHttpMethodFilter.java:66)
	at org.springframework.web.filter.OncePerRequestFilter.doFilter(OncePerRequestFilter.java:76)
	at org.apache.catalina.core.ApplicationFilterChain.internalDoFilter(ApplicationFilterChain.java:243)
	at org.apache.catalina.core.ApplicationFilterChain.doFilter(ApplicationFilterChain.java:210)
	at org.springframework.web.filter.CharacterEncodingFilter.doFilterInternal(CharacterEncodingFilter.java:88)
	at org.springframework.web.filter.OncePerRequestFilter.doFilter(OncePerRequestFilter.java:76)
	at org.springframework.web.filter.DelegatingFilterProxy.invokeDelegate(DelegatingFilterProxy.java:346)
	at org.springframework.web.filter.DelegatingFilterProxy.doFilter(DelegatingFilterProxy.java:259)
	at org.apache.catalina.core.ApplicationFilterChain.internalDoFilter(ApplicationFilterChain.java:243)
	at org.apache.catalina.core.ApplicationFilterChain.doFilter(ApplicationFilterChain.java:210)
	at org.apache.catalina.core.StandardWrapperValve.invoke(StandardWrapperValve.java:222)
	at org.apache.catalina.core.StandardContextValve.invoke(StandardContextValve.java:123)
	at org.apache.catalina.core.StandardHostValve.invoke(StandardHostValve.java:171)
	at org.apache.catalina.valves.ErrorReportValve.invoke(ErrorReportValve.java:99)
	at org.apache.catalina.core.StandardEngineValve.invoke(StandardEngineValve.java:118)
	at org.apache.catalina.connector.CoyoteAdapter.service(CoyoteAdapter.java:408)
	at org.apache.coyote.http11.AbstractHttp11Processor.process(AbstractHttp11Processor.java:1023)
	at org.apache.coyote.AbstractProtocol$AbstractConnectionHandler.process(AbstractProtocol.java:589)
	at org.apache.tomcat.util.net.JIoEndpoint$SocketProcessor.run(JIoEndpoint.java:312)
	at java.util.concurrent.ThreadPoolExecutor.runWorker(ThreadPoolExecutor.java:1145)
	at java.util.concurrent.ThreadPoolExecutor$Worker.run(ThreadPoolExecutor.java:615)
	at java.lang.Thread.run(Thread.java:744)
2014-01-31 17:25:01,847 [http-bio-8080-exec-5] ERROR StackTrace  - Full Stack Trace:
org.h2.jdbc.JdbcSQLException: Table "RACE" not found; SQL statement:
select this_.id as id1_0_, this_.version as version1_0_, this_.city as city1_0_, this_.cost as cost1_0_, this_.distance as distance1_0_, this_.max_runners as max6_1_0_, this_.name as name1_0_, this_.start_date_time as start8_1_0_, this_.state as state1_0_ from race this_ limit ? [42102-164]
	at org.h2.message.DbException.getJdbcSQLException(DbException.java:329)
	at org.h2.message.DbException.get(DbException.java:169)
	at org.h2.message.DbException.get(DbException.java:146)
	at org.h2.command.Parser.readTableOrView(Parser.java:4753)
	at org.h2.command.Parser.readTableFilter(Parser.java:1080)
	at org.h2.command.Parser.parseSelectSimpleFromPart(Parser.java:1686)
	at org.h2.command.Parser.parseSelectSimple(Parser.java:1793)
	at org.h2.command.Parser.parseSelectSub(Parser.java:1680)
	at org.h2.command.Parser.parseSelectUnion(Parser.java:1523)
	at org.h2.command.Parser.parseSelect(Parser.java:1511)
	at org.h2.command.Parser.parsePrepared(Parser.java:405)
	at org.h2.command.Parser.parse(Parser.java:279)
	at org.h2.command.Parser.parse(Parser.java:251)
	at org.h2.command.Parser.prepareCommand(Parser.java:217)
	at org.h2.engine.Session.prepareLocal(Session.java:415)
	at org.h2.engine.Session.prepareCommand(Session.java:364)
	at org.h2.jdbc.JdbcConnection.prepareCommand(JdbcConnection.java:1121)
	at org.h2.jdbc.JdbcPreparedStatement.<init>(JdbcPreparedStatement.java:71)
	at org.h2.jdbc.JdbcConnection.prepareStatement(JdbcConnection.java:267)
	at org.apache.commons.dbcp.DelegatingConnection.prepareStatement(DelegatingConnection.java:281)
	at org.apache.commons.dbcp.PoolingDataSource$PoolGuardConnectionWrapper.prepareStatement(PoolingDataSource.java:313)
	at grails.orm.PagedResultList.<init>(PagedResultList.java:55)
	at firstdemo.RaceController.list(script13911682840081976847007.groovy:15)
	at grails.plugin.cache.web.filter.PageFragmentCachingFilter.doFilter(PageFragmentCachingFilter.java:186)
	at grails.plugin.cache.web.filter.AbstractFilter.doFilter(AbstractFilter.java:63)
	at java.util.concurrent.ThreadPoolExecutor.runWorker(ThreadPoolExecutor.java:1145)
	at java.util.concurrent.ThreadPoolExecutor$Worker.run(ThreadPoolExecutor.java:615)
	at java.lang.Thread.run(Thread.java:744)
2014-01-31 17:25:01,964 [http-bio-8080-exec-5] ERROR StackTrace  - Full Stack Trace:
org.h2.jdbc.JdbcSQLException: Table "RACE" not found; SQL statement:
select this_.id as id1_0_, this_.version as version1_0_, this_.city as city1_0_, this_.cost as cost1_0_, this_.distance as distance1_0_, this_.max_runners as max6_1_0_, this_.name as name1_0_, this_.start_date_time as start8_1_0_, this_.state as state1_0_ from race this_ limit ? [42102-164]
	at org.h2.message.DbException.getJdbcSQLException(DbException.java:329)
	at org.h2.message.DbException.get(DbException.java:169)
	at org.h2.message.DbException.get(DbException.java:146)
	at org.h2.command.Parser.readTableOrView(Parser.java:4753)
	at org.h2.command.Parser.readTableFilter(Parser.java:1080)
	at org.h2.command.Parser.parseSelectSimpleFromPart(Parser.java:1686)
	at org.h2.command.Parser.parseSelectSimple(Parser.java:1793)
	at org.h2.command.Parser.parseSelectSub(Parser.java:1680)
	at org.h2.command.Parser.parseSelectUnion(Parser.java:1523)
	at org.h2.command.Parser.parseSelect(Parser.java:1511)
	at org.h2.command.Parser.parsePrepared(Parser.java:405)
	at org.h2.command.Parser.parse(Parser.java:279)
	at org.h2.command.Parser.parse(Parser.java:251)
	at org.h2.command.Parser.prepareCommand(Parser.java:217)
	at org.h2.engine.Session.prepareLocal(Session.java:415)
	at org.h2.engine.Session.prepareCommand(Session.java:364)
	at org.h2.jdbc.JdbcConnection.prepareCommand(JdbcConnection.java:1121)
	at org.h2.jdbc.JdbcPreparedStatement.<init>(JdbcPreparedStatement.java:71)
	at org.h2.jdbc.JdbcConnection.prepareStatement(JdbcConnection.java:267)
	at org.apache.commons.dbcp.DelegatingConnection.prepareStatement(DelegatingConnection.java:281)
	at org.apache.commons.dbcp.PoolingDataSource$PoolGuardConnectionWrapper.prepareStatement(PoolingDataSource.java:313)
	at grails.orm.PagedResultList.<init>(PagedResultList.java:55)
	at firstdemo.RaceController.list(script13911682840081976847007.groovy:15)
	at grails.plugin.cache.web.filter.PageFragmentCachingFilter.doFilter(PageFragmentCachingFilter.java:186)
	at grails.plugin.cache.web.filter.AbstractFilter.doFilter(AbstractFilter.java:63)
	at java.util.concurrent.ThreadPoolExecutor.runWorker(ThreadPoolExecutor.java:1145)
	at java.util.concurrent.ThreadPoolExecutor$Worker.run(ThreadPoolExecutor.java:615)
	at java.lang.Thread.run(Thread.java:744)
2014-01-31 17:25:01,965 [http-bio-8080-exec-5] ERROR StackTrace  - Full Stack Trace:
org.h2.jdbc.JdbcSQLException: Table "RACE" not found; SQL statement:
select this_.id as id1_0_, this_.version as version1_0_, this_.city as city1_0_, this_.cost as cost1_0_, this_.distance as distance1_0_, this_.max_runners as max6_1_0_, this_.name as name1_0_, this_.start_date_time as start8_1_0_, this_.state as state1_0_ from race this_ limit ? [42102-164]
	at org.h2.message.DbException.getJdbcSQLException(DbException.java:329)
	at org.h2.message.DbException.get(DbException.java:169)
	at org.h2.message.DbException.get(DbException.java:146)
	at org.h2.command.Parser.readTableOrView(Parser.java:4753)
	at org.h2.command.Parser.readTableFilter(Parser.java:1080)
	at org.h2.command.Parser.parseSelectSimpleFromPart(Parser.java:1686)
	at org.h2.command.Parser.parseSelectSimple(Parser.java:1793)
	at org.h2.command.Parser.parseSelectSub(Parser.java:1680)
	at org.h2.command.Parser.parseSelectUnion(Parser.java:1523)
	at org.h2.command.Parser.parseSelect(Parser.java:1511)
	at org.h2.command.Parser.parsePrepared(Parser.java:405)
	at org.h2.command.Parser.parse(Parser.java:279)
	at org.h2.command.Parser.parse(Parser.java:251)
	at org.h2.command.Parser.prepareCommand(Parser.java:217)
	at org.h2.engine.Session.prepareLocal(Session.java:415)
	at org.h2.engine.Session.prepareCommand(Session.java:364)
	at org.h2.jdbc.JdbcConnection.prepareCommand(JdbcConnection.java:1121)
	at org.h2.jdbc.JdbcPreparedStatement.<init>(JdbcPreparedStatement.java:71)
	at org.h2.jdbc.JdbcConnection.prepareStatement(JdbcConnection.java:267)
	at org.apache.commons.dbcp.DelegatingConnection.prepareStatement(DelegatingConnection.java:281)
	at org.apache.commons.dbcp.PoolingDataSource$PoolGuardConnectionWrapper.prepareStatement(PoolingDataSource.java:313)
	at grails.orm.PagedResultList.<init>(PagedResultList.java:55)
	at firstdemo.RaceController.list(script13911682840081976847007.groovy:15)
	at grails.plugin.cache.web.filter.PageFragmentCachingFilter.doFilter(PageFragmentCachingFilter.java:186)
	at grails.plugin.cache.web.filter.AbstractFilter.doFilter(AbstractFilter.java:63)
	at java.util.concurrent.ThreadPoolExecutor.runWorker(ThreadPoolExecutor.java:1145)
	at java.util.concurrent.ThreadPoolExecutor$Worker.run(ThreadPoolExecutor.java:615)
	at java.lang.Thread.run(Thread.java:744)
2014-01-31 17:25:01,965 [http-bio-8080-exec-5] ERROR StackTrace  - Full Stack Trace:
org.h2.jdbc.JdbcSQLException: Table "RACE" not found; SQL statement:
select this_.id as id1_0_, this_.version as version1_0_, this_.city as city1_0_, this_.cost as cost1_0_, this_.distance as distance1_0_, this_.max_runners as max6_1_0_, this_.name as name1_0_, this_.start_date_time as start8_1_0_, this_.state as state1_0_ from race this_ limit ? [42102-164]
	at org.h2.message.DbException.getJdbcSQLException(DbException.java:329)
	at org.h2.message.DbException.get(DbException.java:169)
	at org.h2.message.DbException.get(DbException.java:146)
	at org.h2.command.Parser.readTableOrView(Parser.java:4753)
	at org.h2.command.Parser.readTableFilter(Parser.java:1080)
	at org.h2.command.Parser.parseSelectSimpleFromPart(Parser.java:1686)
	at org.h2.command.Parser.parseSelectSimple(Parser.java:1793)
	at org.h2.command.Parser.parseSelectSub(Parser.java:1680)
	at org.h2.command.Parser.parseSelectUnion(Parser.java:1523)
	at org.h2.command.Parser.parseSelect(Parser.java:1511)
	at org.h2.command.Parser.parsePrepared(Parser.java:405)
	at org.h2.command.Parser.parse(Parser.java:279)
	at org.h2.command.Parser.parse(Parser.java:251)
	at org.h2.command.Parser.prepareCommand(Parser.java:217)
	at org.h2.engine.Session.prepareLocal(Session.java:415)
	at org.h2.engine.Session.prepareCommand(Session.java:364)
	at org.h2.jdbc.JdbcConnection.prepareCommand(JdbcConnection.java:1121)
	at org.h2.jdbc.JdbcPreparedStatement.<init>(JdbcPreparedStatement.java:71)
	at org.h2.jdbc.JdbcConnection.prepareStatement(JdbcConnection.java:267)
	at org.apache.commons.dbcp.DelegatingConnection.prepareStatement(DelegatingConnection.java:281)
	at org.apache.commons.dbcp.PoolingDataSource$PoolGuardConnectionWrapper.prepareStatement(PoolingDataSource.java:313)
	at grails.orm.PagedResultList.<init>(PagedResultList.java:55)
	at firstdemo.RaceController.list(script13911682840081976847007.groovy:15)
	at grails.plugin.cache.web.filter.PageFragmentCachingFilter.doFilter(PageFragmentCachingFilter.java:186)
	at grails.plugin.cache.web.filter.AbstractFilter.doFilter(AbstractFilter.java:63)
	at java.util.concurrent.ThreadPoolExecutor.runWorker(ThreadPoolExecutor.java:1145)
	at java.util.concurrent.ThreadPoolExecutor$Worker.run(ThreadPoolExecutor.java:615)
	at java.lang.Thread.run(Thread.java:744)
2014-01-31 17:25:01,966 [http-bio-8080-exec-5] ERROR StackTrace  - Full Stack Trace:
org.h2.jdbc.JdbcSQLException: Table "RACE" not found; SQL statement:
select this_.id as id1_0_, this_.version as version1_0_, this_.city as city1_0_, this_.cost as cost1_0_, this_.distance as distance1_0_, this_.max_runners as max6_1_0_, this_.name as name1_0_, this_.start_date_time as start8_1_0_, this_.state as state1_0_ from race this_ limit ? [42102-164]
	at org.h2.message.DbException.getJdbcSQLException(DbException.java:329)
	at org.h2.message.DbException.get(DbException.java:169)
	at org.h2.message.DbException.get(DbException.java:146)
	at org.h2.command.Parser.readTableOrView(Parser.java:4753)
	at org.h2.command.Parser.readTableFilter(Parser.java:1080)
	at org.h2.command.Parser.parseSelectSimpleFromPart(Parser.java:1686)
	at org.h2.command.Parser.parseSelectSimple(Parser.java:1793)
	at org.h2.command.Parser.parseSelectSub(Parser.java:1680)
	at org.h2.command.Parser.parseSelectUnion(Parser.java:1523)
	at org.h2.command.Parser.parseSelect(Parser.java:1511)
	at org.h2.command.Parser.parsePrepared(Parser.java:405)
	at org.h2.command.Parser.parse(Parser.java:279)
	at org.h2.command.Parser.parse(Parser.java:251)
	at org.h2.command.Parser.prepareCommand(Parser.java:217)
	at org.h2.engine.Session.prepareLocal(Session.java:415)
	at org.h2.engine.Session.prepareCommand(Session.java:364)
	at org.h2.jdbc.JdbcConnection.prepareCommand(JdbcConnection.java:1121)
	at org.h2.jdbc.JdbcPreparedStatement.<init>(JdbcPreparedStatement.java:71)
	at org.h2.jdbc.JdbcConnection.prepareStatement(JdbcConnection.java:267)
	at org.apache.commons.dbcp.DelegatingConnection.prepareStatement(DelegatingConnection.java:281)
	at org.apache.commons.dbcp.PoolingDataSource$PoolGuardConnectionWrapper.prepareStatement(PoolingDataSource.java:313)
	at grails.orm.PagedResultList.<init>(PagedResultList.java:55)
	at firstdemo.RaceController.list(script13911682840081976847007.groovy:15)
	at grails.plugin.cache.web.filter.PageFragmentCachingFilter.doFilter(PageFragmentCachingFilter.java:186)
	at grails.plugin.cache.web.filter.AbstractFilter.doFilter(AbstractFilter.java:63)
	at java.util.concurrent.ThreadPoolExecutor.runWorker(ThreadPoolExecutor.java:1145)
	at java.util.concurrent.ThreadPoolExecutor$Worker.run(ThreadPoolExecutor.java:615)
	at java.lang.Thread.run(Thread.java:744)
2014-01-31 17:27:59,140 [http-bio-8080-exec-8] ERROR StackTrace  - Full Stack Trace:
org.h2.jdbc.JdbcSQLException: Table "RACE" not found; SQL statement:
select this_.id as id1_0_, this_.version as version1_0_, this_.city as city1_0_, this_.cost as cost1_0_, this_.distance as distance1_0_, this_.max_runners as max6_1_0_, this_.name as name1_0_, this_.start_date_time as start8_1_0_, this_.state as state1_0_ from race this_ limit ? [42102-164]
	at org.h2.message.DbException.getJdbcSQLException(DbException.java:329)
	at org.h2.message.DbException.get(DbException.java:169)
	at org.h2.message.DbException.get(DbException.java:146)
	at org.h2.command.Parser.readTableOrView(Parser.java:4753)
	at org.h2.command.Parser.readTableFilter(Parser.java:1080)
	at org.h2.command.Parser.parseSelectSimpleFromPart(Parser.java:1686)
	at org.h2.command.Parser.parseSelectSimple(Parser.java:1793)
	at org.h2.command.Parser.parseSelectSub(Parser.java:1680)
	at org.h2.command.Parser.parseSelectUnion(Parser.java:1523)
	at org.h2.command.Parser.parseSelect(Parser.java:1511)
	at org.h2.command.Parser.parsePrepared(Parser.java:405)
	at org.h2.command.Parser.parse(Parser.java:279)
	at org.h2.command.Parser.parse(Parser.java:251)
	at org.h2.command.Parser.prepareCommand(Parser.java:217)
	at org.h2.engine.Session.prepareLocal(Session.java:415)
	at org.h2.engine.Session.prepareCommand(Session.java:364)
	at org.h2.jdbc.JdbcConnection.prepareCommand(JdbcConnection.java:1121)
	at org.h2.jdbc.JdbcPreparedStatement.<init>(JdbcPreparedStatement.java:71)
	at org.h2.jdbc.JdbcConnection.prepareStatement(JdbcConnection.java:267)
	at org.apache.commons.dbcp.DelegatingConnection.prepareStatement(DelegatingConnection.java:281)
	at org.apache.commons.dbcp.PoolingDataSource$PoolGuardConnectionWrapper.prepareStatement(PoolingDataSource.java:313)
	at sun.reflect.NativeMethodAccessorImpl.invoke0(Native Method)
	at sun.reflect.NativeMethodAccessorImpl.invoke(NativeMethodAccessorImpl.java:57)
	at sun.reflect.DelegatingMethodAccessorImpl.invoke(DelegatingMethodAccessorImpl.java:43)
	at java.lang.reflect.Method.invoke(Method.java:606)
	at org.springsource.loaded.ri.ReflectiveInterceptor.jlrMethodInvoke(ReflectiveInterceptor.java:1265)
	at org.springframework.jdbc.datasource.TransactionAwareDataSourceProxy$TransactionAwareInvocationHandler.invoke(TransactionAwareDataSourceProxy.java:239)
	at com.sun.proxy.$Proxy23.prepareStatement(Unknown Source)
	at org.hibernate.jdbc.AbstractBatcher.getPreparedStatement(AbstractBatcher.java:534)
	at org.hibernate.jdbc.AbstractBatcher.getPreparedStatement(AbstractBatcher.java:452)
	at org.hibernate.jdbc.AbstractBatcher.prepareQueryStatement(AbstractBatcher.java:161)
	at org.hibernate.loader.Loader.prepareQueryStatement(Loader.java:1700)
	at org.hibernate.loader.Loader.doQuery(Loader.java:801)
	at org.hibernate.loader.Loader.doQueryAndInitializeNonLazyCollections(Loader.java:274)
	at org.hibernate.loader.Loader.doList(Loader.java:2542)
	at org.hibernate.loader.Loader.listIgnoreQueryCache(Loader.java:2276)
	at org.hibernate.loader.Loader.list(Loader.java:2271)
	at org.hibernate.loader.criteria.CriteriaLoader.list(CriteriaLoader.java:119)
	at org.hibernate.impl.SessionImpl.list(SessionImpl.java:1716)
	at org.hibernate.impl.CriteriaImpl.list(CriteriaImpl.java:347)
	at grails.orm.PagedResultList.<init>(PagedResultList.java:55)
	at org.codehaus.groovy.grails.orm.hibernate.metaclass.ListPersistentMethod$1.doInHibernate(ListPersistentMethod.java:66)
	at org.springframework.orm.hibernate3.HibernateTemplate.doExecute(HibernateTemplate.java:406)
	at org.springframework.orm.hibernate3.HibernateTemplate.executeFind(HibernateTemplate.java:343)
	at org.codehaus.groovy.grails.orm.hibernate.metaclass.ListPersistentMethod.doInvokeInternal(ListPersistentMethod.java:56)
	at org.codehaus.groovy.grails.orm.hibernate.metaclass.AbstractStaticPersistentMethod.invoke(AbstractStaticPersistentMethod.java:72)
	at org.codehaus.groovy.grails.orm.hibernate.metaclass.AbstractStaticPersistentMethod.invoke(AbstractStaticPersistentMethod.java:65)
	at sun.reflect.NativeMethodAccessorImpl.invoke0(Native Method)
	at sun.reflect.NativeMethodAccessorImpl.invoke(NativeMethodAccessorImpl.java:57)
	at sun.reflect.DelegatingMethodAccessorImpl.invoke(DelegatingMethodAccessorImpl.java:43)
	at java.lang.reflect.Method.invoke(Method.java:606)
	at org.springsource.loaded.ri.ReflectiveInterceptor.jlrMethodInvoke(ReflectiveInterceptor.java:1265)
	at org.codehaus.groovy.runtime.callsite.PojoMetaMethodSite$PojoCachedMethodSite.invoke(PojoMetaMethodSite.java:189)
	at org.codehaus.groovy.runtime.callsite.PojoMetaMethodSite.call(PojoMetaMethodSite.java:53)
	at org.codehaus.groovy.runtime.callsite.AbstractCallSite.call(AbstractCallSite.java:124)
	at org.codehaus.groovy.grails.orm.hibernate.HibernateGormStaticApi.list(HibernateGormEnhancer.groovy:315)
	at firstdemo.Race.list(Race.groovy)
	at firstdemo.Race$list.call(Unknown Source)
	at firstdemo.RaceController.list(script13911682840081976847007.groovy:15)
	at firstdemo.RaceController.list(script13911682840081976847007.groovy)
	at sun.reflect.NativeMethodAccessorImpl.invoke0(Native Method)
	at sun.reflect.NativeMethodAccessorImpl.invoke(NativeMethodAccessorImpl.java:57)
	at sun.reflect.DelegatingMethodAccessorImpl.invoke(DelegatingMethodAccessorImpl.java:43)
	at java.lang.reflect.Method.invoke(Method.java:606)
	at org.springsource.loaded.ri.OriginalClassInvoker.invoke(OriginalClassInvoker.java:47)
	at org.springsource.loaded.ri.ReflectiveInterceptor.jlrMethodInvoke(ReflectiveInterceptor.java:1288)
	at org.codehaus.groovy.reflection.CachedMethod.invoke(CachedMethod.java:90)
	at groovy.lang.MetaMethod.doMethodInvoke(MetaMethod.java:233)
	at groovy.lang.MetaClassImpl.invokeMethod(MetaClassImpl.java:1082)
	at groovy.lang.ExpandoMetaClass.invokeMethod(ExpandoMetaClass.java:1106)
	at groovy.lang.MetaClassImpl.invokeMethod(MetaClassImpl.java:949)
	at groovy.lang.ExpandoMetaClass.invokeMethod(ExpandoMetaClass.java:1106)
	at groovy.lang.MetaClassImpl.invokeMethod(MetaClassImpl.java:906)
	at groovy.lang.Closure.call(Closure.java:412)
	at groovy.lang.Closure.call(Closure.java:406)
	at org.codehaus.groovy.grails.web.servlet.mvc.MixedGrailsControllerHelper.invoke(MixedGrailsControllerHelper.java:71)
	at grails.plugin.cache.web.ProxyAwareMixedGrailsControllerHelper.invoke(ProxyAwareMixedGrailsControllerHelper.java)
	at org.codehaus.groovy.grails.web.servlet.mvc.AbstractGrailsControllerHelper.handleAction(AbstractGrailsControllerHelper.java:348)
	at grails.plugin.cache.web.ProxyAwareMixedGrailsControllerHelper.handleAction(ProxyAwareMixedGrailsControllerHelper.java)
	at org.codehaus.groovy.grails.web.servlet.mvc.AbstractGrailsControllerHelper.executeAction(AbstractGrailsControllerHelper.java:231)
	at grails.plugin.cache.web.ProxyAwareMixedGrailsControllerHelper.executeAction(ProxyAwareMixedGrailsControllerHelper.java)
	at org.codehaus.groovy.grails.web.servlet.mvc.AbstractGrailsControllerHelper.handleURI(AbstractGrailsControllerHelper.java:197)
	at grails.plugin.cache.web.ProxyAwareMixedGrailsControllerHelper.handleURI(ProxyAwareMixedGrailsControllerHelper.java)
	at org.codehaus.groovy.grails.web.servlet.mvc.AbstractGrailsControllerHelper.handleURI(AbstractGrailsControllerHelper.java:118)
	at grails.plugin.cache.web.ProxyAwareMixedGrailsControllerHelper.handleURI(ProxyAwareMixedGrailsControllerHelper.java)
	at org.codehaus.groovy.grails.web.servlet.mvc.SimpleGrailsController.handleRequest(SimpleGrailsController.java:72)
	at org.springframework.web.servlet.mvc.SimpleControllerHandlerAdapter.handle(SimpleControllerHandlerAdapter.java:48)
	at org.codehaus.groovy.grails.web.servlet.GrailsDispatcherServlet.doDispatch(GrailsDispatcherServlet.java:328)
	at org.springframework.web.servlet.DispatcherServlet.doService(DispatcherServlet.java:852)
	at org.springframework.web.servlet.FrameworkServlet.processRequest(FrameworkServlet.java:882)
	at org.springframework.web.servlet.FrameworkServlet.doGet(FrameworkServlet.java:778)
	at javax.servlet.http.HttpServlet.service(HttpServlet.java:621)
	at javax.servlet.http.HttpServlet.service(HttpServlet.java:728)
	at org.apache.catalina.core.ApplicationFilterChain.internalDoFilter(ApplicationFilterChain.java:305)
	at org.apache.catalina.core.ApplicationFilterChain.doFilter(ApplicationFilterChain.java:210)
	at grails.plugin.cache.web.filter.PageFragmentCachingFilter.doFilter(PageFragmentCachingFilter.java:186)
	at grails.plugin.cache.web.filter.simple.MemoryPageFragmentCachingFilter.doFilter(MemoryPageFragmentCachingFilter.java)
	at grails.plugin.cache.web.filter.AbstractFilter.doFilter(AbstractFilter.java:63)
	at org.springframework.web.filter.DelegatingFilterProxy.invokeDelegate(DelegatingFilterProxy.java:346)
	at org.springframework.web.filter.DelegatingFilterProxy.doFilter(DelegatingFilterProxy.java:259)
	at org.apache.catalina.core.ApplicationFilterChain.internalDoFilter(ApplicationFilterChain.java:243)
	at org.apache.catalina.core.ApplicationFilterChain.doFilter(ApplicationFilterChain.java:210)
	at org.springframework.web.filter.OncePerRequestFilter.doFilter(OncePerRequestFilter.java:70)
	at org.apache.catalina.core.ApplicationFilterChain.internalDoFilter(ApplicationFilterChain.java:243)
	at org.apache.catalina.core.ApplicationFilterChain.doFilter(ApplicationFilterChain.java:210)
	at org.springframework.web.filter.OncePerRequestFilter.doFilter(OncePerRequestFilter.java:70)
	at org.apache.catalina.core.ApplicationFilterChain.internalDoFilter(ApplicationFilterChain.java:243)
	at org.apache.catalina.core.ApplicationFilterChain.doFilter(ApplicationFilterChain.java:210)
	at org.springframework.web.filter.OncePerRequestFilter.doFilter(OncePerRequestFilter.java:70)
	at org.apache.catalina.core.ApplicationFilterChain.internalDoFilter(ApplicationFilterChain.java:243)
	at org.apache.catalina.core.ApplicationFilterChain.doFilter(ApplicationFilterChain.java:210)
	at org.apache.catalina.core.ApplicationDispatcher.invoke(ApplicationDispatcher.java:749)
	at org.apache.catalina.core.ApplicationDispatcher.processRequest(ApplicationDispatcher.java:487)
	at org.apache.catalina.core.ApplicationDispatcher.doForward(ApplicationDispatcher.java:412)
	at org.apache.catalina.core.ApplicationDispatcher.forward(ApplicationDispatcher.java:339)
	at org.codehaus.groovy.grails.web.util.WebUtils.forwardRequestForUrlMappingInfo(WebUtils.java:314)
	at org.codehaus.groovy.grails.web.util.WebUtils.forwardRequestForUrlMappingInfo(WebUtils.java:279)
	at org.codehaus.groovy.grails.web.util.WebUtils.forwardRequestForUrlMappingInfo(WebUtils.java:270)
	at org.codehaus.groovy.grails.web.mapping.filter.UrlMappingsFilter.doFilterInternal(UrlMappingsFilter.java:222)
	at org.springframework.web.filter.OncePerRequestFilter.doFilter(OncePerRequestFilter.java:76)
	at org.apache.catalina.core.ApplicationFilterChain.internalDoFilter(ApplicationFilterChain.java:243)
	at org.apache.catalina.core.ApplicationFilterChain.doFilter(ApplicationFilterChain.java:210)
	at org.codehaus.groovy.grails.web.sitemesh.GrailsPageFilter.obtainContent(GrailsPageFilter.java:206)
	at org.codehaus.groovy.grails.web.sitemesh.GrailsPageFilter.doFilter(GrailsPageFilter.java:152)
	at org.apache.catalina.core.ApplicationFilterChain.internalDoFilter(ApplicationFilterChain.java:243)
	at org.apache.catalina.core.ApplicationFilterChain.doFilter(ApplicationFilterChain.java:210)
	at javax.servlet.FilterChain$doFilter.call(Unknown Source)
	at org.grails.plugin.resource.DevModeSanityFilter.doFilter(DevModeSanityFilter.groovy:44)
	at org.apache.catalina.core.ApplicationFilterChain.internalDoFilter(ApplicationFilterChain.java:243)
	at org.apache.catalina.core.ApplicationFilterChain.doFilter(ApplicationFilterChain.java:210)
	at org.codehaus.groovy.grails.web.servlet.mvc.GrailsWebRequestFilter.doFilterInternal(GrailsWebRequestFilter.java:69)
	at org.springframework.web.filter.OncePerRequestFilter.doFilter(OncePerRequestFilter.java:76)
	at org.apache.catalina.core.ApplicationFilterChain.internalDoFilter(ApplicationFilterChain.java:243)
	at org.apache.catalina.core.ApplicationFilterChain.doFilter(ApplicationFilterChain.java:210)
	at org.codehaus.groovy.grails.web.filters.HiddenHttpMethodFilter.doFilterInternal(HiddenHttpMethodFilter.java:66)
	at org.springframework.web.filter.OncePerRequestFilter.doFilter(OncePerRequestFilter.java:76)
	at org.apache.catalina.core.ApplicationFilterChain.internalDoFilter(ApplicationFilterChain.java:243)
	at org.apache.catalina.core.ApplicationFilterChain.doFilter(ApplicationFilterChain.java:210)
	at org.springframework.web.filter.CharacterEncodingFilter.doFilterInternal(CharacterEncodingFilter.java:88)
	at org.springframework.web.filter.OncePerRequestFilter.doFilter(OncePerRequestFilter.java:76)
	at org.springframework.web.filter.DelegatingFilterProxy.invokeDelegate(DelegatingFilterProxy.java:346)
	at org.springframework.web.filter.DelegatingFilterProxy.doFilter(DelegatingFilterProxy.java:259)
	at org.apache.catalina.core.ApplicationFilterChain.internalDoFilter(ApplicationFilterChain.java:243)
	at org.apache.catalina.core.ApplicationFilterChain.doFilter(ApplicationFilterChain.java:210)
	at org.apache.catalina.core.StandardWrapperValve.invoke(StandardWrapperValve.java:222)
	at org.apache.catalina.core.StandardContextValve.invoke(StandardContextValve.java:123)
	at org.apache.catalina.core.StandardHostValve.invoke(StandardHostValve.java:171)
	at org.apache.catalina.valves.ErrorReportValve.invoke(ErrorReportValve.java:99)
	at org.apache.catalina.core.StandardEngineValve.invoke(StandardEngineValve.java:118)
	at org.apache.catalina.connector.CoyoteAdapter.service(CoyoteAdapter.java:408)
	at org.apache.coyote.http11.AbstractHttp11Processor.process(AbstractHttp11Processor.java:1023)
	at org.apache.coyote.AbstractProtocol$AbstractConnectionHandler.process(AbstractProtocol.java:589)
	at org.apache.tomcat.util.net.JIoEndpoint$SocketProcessor.run(JIoEndpoint.java:310)
	at java.util.concurrent.ThreadPoolExecutor.runWorker(ThreadPoolExecutor.java:1145)
	at java.util.concurrent.ThreadPoolExecutor$Worker.run(ThreadPoolExecutor.java:615)
	at java.lang.Thread.run(Thread.java:744)
2014-01-31 17:27:59,141 [http-bio-8080-exec-8] ERROR StackTrace  - Full Stack Trace:
org.h2.jdbc.JdbcSQLException: Table "RACE" not found; SQL statement:
select this_.id as id1_0_, this_.version as version1_0_, this_.city as city1_0_, this_.cost as cost1_0_, this_.distance as distance1_0_, this_.max_runners as max6_1_0_, this_.name as name1_0_, this_.start_date_time as start8_1_0_, this_.state as state1_0_ from race this_ limit ? [42102-164]
	at org.h2.message.DbException.getJdbcSQLException(DbException.java:329)
	at org.h2.message.DbException.get(DbException.java:169)
	at org.h2.message.DbException.get(DbException.java:146)
	at org.h2.command.Parser.readTableOrView(Parser.java:4753)
	at org.h2.command.Parser.readTableFilter(Parser.java:1080)
	at org.h2.command.Parser.parseSelectSimpleFromPart(Parser.java:1686)
	at org.h2.command.Parser.parseSelectSimple(Parser.java:1793)
	at org.h2.command.Parser.parseSelectSub(Parser.java:1680)
	at org.h2.command.Parser.parseSelectUnion(Parser.java:1523)
	at org.h2.command.Parser.parseSelect(Parser.java:1511)
	at org.h2.command.Parser.parsePrepared(Parser.java:405)
	at org.h2.command.Parser.parse(Parser.java:279)
	at org.h2.command.Parser.parse(Parser.java:251)
	at org.h2.command.Parser.prepareCommand(Parser.java:217)
	at org.h2.engine.Session.prepareLocal(Session.java:415)
	at org.h2.engine.Session.prepareCommand(Session.java:364)
	at org.h2.jdbc.JdbcConnection.prepareCommand(JdbcConnection.java:1121)
	at org.h2.jdbc.JdbcPreparedStatement.<init>(JdbcPreparedStatement.java:71)
	at org.h2.jdbc.JdbcConnection.prepareStatement(JdbcConnection.java:267)
	at org.apache.commons.dbcp.DelegatingConnection.prepareStatement(DelegatingConnection.java:281)
	at org.apache.commons.dbcp.PoolingDataSource$PoolGuardConnectionWrapper.prepareStatement(PoolingDataSource.java:313)
	at grails.orm.PagedResultList.<init>(PagedResultList.java:55)
	at firstdemo.RaceController.list(script13911682840081976847007.groovy:15)
	at grails.plugin.cache.web.filter.PageFragmentCachingFilter.doFilter(PageFragmentCachingFilter.java:186)
	at grails.plugin.cache.web.filter.AbstractFilter.doFilter(AbstractFilter.java:63)
	at java.util.concurrent.ThreadPoolExecutor.runWorker(ThreadPoolExecutor.java:1145)
	at java.util.concurrent.ThreadPoolExecutor$Worker.run(ThreadPoolExecutor.java:615)
	at java.lang.Thread.run(Thread.java:744)
2014-01-31 17:27:59,152 [http-bio-8080-exec-8] ERROR StackTrace  - Full Stack Trace:
org.h2.jdbc.JdbcSQLException: Table "RACE" not found; SQL statement:
select this_.id as id1_0_, this_.version as version1_0_, this_.city as city1_0_, this_.cost as cost1_0_, this_.distance as distance1_0_, this_.max_runners as max6_1_0_, this_.name as name1_0_, this_.start_date_time as start8_1_0_, this_.state as state1_0_ from race this_ limit ? [42102-164]
	at org.h2.message.DbException.getJdbcSQLException(DbException.java:329)
	at org.h2.message.DbException.get(DbException.java:169)
	at org.h2.message.DbException.get(DbException.java:146)
	at org.h2.command.Parser.readTableOrView(Parser.java:4753)
	at org.h2.command.Parser.readTableFilter(Parser.java:1080)
	at org.h2.command.Parser.parseSelectSimpleFromPart(Parser.java:1686)
	at org.h2.command.Parser.parseSelectSimple(Parser.java:1793)
	at org.h2.command.Parser.parseSelectSub(Parser.java:1680)
	at org.h2.command.Parser.parseSelectUnion(Parser.java:1523)
	at org.h2.command.Parser.parseSelect(Parser.java:1511)
	at org.h2.command.Parser.parsePrepared(Parser.java:405)
	at org.h2.command.Parser.parse(Parser.java:279)
	at org.h2.command.Parser.parse(Parser.java:251)
	at org.h2.command.Parser.prepareCommand(Parser.java:217)
	at org.h2.engine.Session.prepareLocal(Session.java:415)
	at org.h2.engine.Session.prepareCommand(Session.java:364)
	at org.h2.jdbc.JdbcConnection.prepareCommand(JdbcConnection.java:1121)
	at org.h2.jdbc.JdbcPreparedStatement.<init>(JdbcPreparedStatement.java:71)
	at org.h2.jdbc.JdbcConnection.prepareStatement(JdbcConnection.java:267)
	at org.apache.commons.dbcp.DelegatingConnection.prepareStatement(DelegatingConnection.java:281)
	at org.apache.commons.dbcp.PoolingDataSource$PoolGuardConnectionWrapper.prepareStatement(PoolingDataSource.java:313)
	at grails.orm.PagedResultList.<init>(PagedResultList.java:55)
	at firstdemo.RaceController.list(script13911682840081976847007.groovy:15)
	at grails.plugin.cache.web.filter.PageFragmentCachingFilter.doFilter(PageFragmentCachingFilter.java:186)
	at grails.plugin.cache.web.filter.AbstractFilter.doFilter(AbstractFilter.java:63)
	at java.util.concurrent.ThreadPoolExecutor.runWorker(ThreadPoolExecutor.java:1145)
	at java.util.concurrent.ThreadPoolExecutor$Worker.run(ThreadPoolExecutor.java:615)
	at java.lang.Thread.run(Thread.java:744)
2014-01-31 17:27:59,153 [http-bio-8080-exec-8] ERROR StackTrace  - Full Stack Trace:
org.h2.jdbc.JdbcSQLException: Table "RACE" not found; SQL statement:
select this_.id as id1_0_, this_.version as version1_0_, this_.city as city1_0_, this_.cost as cost1_0_, this_.distance as distance1_0_, this_.max_runners as max6_1_0_, this_.name as name1_0_, this_.start_date_time as start8_1_0_, this_.state as state1_0_ from race this_ limit ? [42102-164]
	at org.h2.message.DbException.getJdbcSQLException(DbException.java:329)
	at org.h2.message.DbException.get(DbException.java:169)
	at org.h2.message.DbException.get(DbException.java:146)
	at org.h2.command.Parser.readTableOrView(Parser.java:4753)
	at org.h2.command.Parser.readTableFilter(Parser.java:1080)
	at org.h2.command.Parser.parseSelectSimpleFromPart(Parser.java:1686)
	at org.h2.command.Parser.parseSelectSimple(Parser.java:1793)
	at org.h2.command.Parser.parseSelectSub(Parser.java:1680)
	at org.h2.command.Parser.parseSelectUnion(Parser.java:1523)
	at org.h2.command.Parser.parseSelect(Parser.java:1511)
	at org.h2.command.Parser.parsePrepared(Parser.java:405)
	at org.h2.command.Parser.parse(Parser.java:279)
	at org.h2.command.Parser.parse(Parser.java:251)
	at org.h2.command.Parser.prepareCommand(Parser.java:217)
	at org.h2.engine.Session.prepareLocal(Session.java:415)
	at org.h2.engine.Session.prepareCommand(Session.java:364)
	at org.h2.jdbc.JdbcConnection.prepareCommand(JdbcConnection.java:1121)
	at org.h2.jdbc.JdbcPreparedStatement.<init>(JdbcPreparedStatement.java:71)
	at org.h2.jdbc.JdbcConnection.prepareStatement(JdbcConnection.java:267)
	at org.apache.commons.dbcp.DelegatingConnection.prepareStatement(DelegatingConnection.java:281)
	at org.apache.commons.dbcp.PoolingDataSource$PoolGuardConnectionWrapper.prepareStatement(PoolingDataSource.java:313)
	at grails.orm.PagedResultList.<init>(PagedResultList.java:55)
	at firstdemo.RaceController.list(script13911682840081976847007.groovy:15)
	at grails.plugin.cache.web.filter.PageFragmentCachingFilter.doFilter(PageFragmentCachingFilter.java:186)
	at grails.plugin.cache.web.filter.AbstractFilter.doFilter(AbstractFilter.java:63)
	at java.util.concurrent.ThreadPoolExecutor.runWorker(ThreadPoolExecutor.java:1145)
	at java.util.concurrent.ThreadPoolExecutor$Worker.run(ThreadPoolExecutor.java:615)
	at java.lang.Thread.run(Thread.java:744)
2014-01-31 17:27:59,153 [http-bio-8080-exec-8] ERROR StackTrace  - Full Stack Trace:
org.h2.jdbc.JdbcSQLException: Table "RACE" not found; SQL statement:
select this_.id as id1_0_, this_.version as version1_0_, this_.city as city1_0_, this_.cost as cost1_0_, this_.distance as distance1_0_, this_.max_runners as max6_1_0_, this_.name as name1_0_, this_.start_date_time as start8_1_0_, this_.state as state1_0_ from race this_ limit ? [42102-164]
	at org.h2.message.DbException.getJdbcSQLException(DbException.java:329)
	at org.h2.message.DbException.get(DbException.java:169)
	at org.h2.message.DbException.get(DbException.java:146)
	at org.h2.command.Parser.readTableOrView(Parser.java:4753)
	at org.h2.command.Parser.readTableFilter(Parser.java:1080)
	at org.h2.command.Parser.parseSelectSimpleFromPart(Parser.java:1686)
	at org.h2.command.Parser.parseSelectSimple(Parser.java:1793)
	at org.h2.command.Parser.parseSelectSub(Parser.java:1680)
	at org.h2.command.Parser.parseSelectUnion(Parser.java:1523)
	at org.h2.command.Parser.parseSelect(Parser.java:1511)
	at org.h2.command.Parser.parsePrepared(Parser.java:405)
	at org.h2.command.Parser.parse(Parser.java:279)
	at org.h2.command.Parser.parse(Parser.java:251)
	at org.h2.command.Parser.prepareCommand(Parser.java:217)
	at org.h2.engine.Session.prepareLocal(Session.java:415)
	at org.h2.engine.Session.prepareCommand(Session.java:364)
	at org.h2.jdbc.JdbcConnection.prepareCommand(JdbcConnection.java:1121)
	at org.h2.jdbc.JdbcPreparedStatement.<init>(JdbcPreparedStatement.java:71)
	at org.h2.jdbc.JdbcConnection.prepareStatement(JdbcConnection.java:267)
	at org.apache.commons.dbcp.DelegatingConnection.prepareStatement(DelegatingConnection.java:281)
	at org.apache.commons.dbcp.PoolingDataSource$PoolGuardConnectionWrapper.prepareStatement(PoolingDataSource.java:313)
	at grails.orm.PagedResultList.<init>(PagedResultList.java:55)
	at firstdemo.RaceController.list(script13911682840081976847007.groovy:15)
	at grails.plugin.cache.web.filter.PageFragmentCachingFilter.doFilter(PageFragmentCachingFilter.java:186)
	at grails.plugin.cache.web.filter.AbstractFilter.doFilter(AbstractFilter.java:63)
	at java.util.concurrent.ThreadPoolExecutor.runWorker(ThreadPoolExecutor.java:1145)
	at java.util.concurrent.ThreadPoolExecutor$Worker.run(ThreadPoolExecutor.java:615)
	at java.lang.Thread.run(Thread.java:744)
2014-01-31 17:27:59,161 [http-bio-8080-exec-8] ERROR StackTrace  - Full Stack Trace:
org.h2.jdbc.JdbcSQLException: Table "RACE" not found; SQL statement:
select this_.id as id1_0_, this_.version as version1_0_, this_.city as city1_0_, this_.cost as cost1_0_, this_.distance as distance1_0_, this_.max_runners as max6_1_0_, this_.name as name1_0_, this_.start_date_time as start8_1_0_, this_.state as state1_0_ from race this_ limit ? [42102-164]
	at org.h2.message.DbException.getJdbcSQLException(DbException.java:329)
	at org.h2.message.DbException.get(DbException.java:169)
	at org.h2.message.DbException.get(DbException.java:146)
	at org.h2.command.Parser.readTableOrView(Parser.java:4753)
	at org.h2.command.Parser.readTableFilter(Parser.java:1080)
	at org.h2.command.Parser.parseSelectSimpleFromPart(Parser.java:1686)
	at org.h2.command.Parser.parseSelectSimple(Parser.java:1793)
	at org.h2.command.Parser.parseSelectSub(Parser.java:1680)
	at org.h2.command.Parser.parseSelectUnion(Parser.java:1523)
	at org.h2.command.Parser.parseSelect(Parser.java:1511)
	at org.h2.command.Parser.parsePrepared(Parser.java:405)
	at org.h2.command.Parser.parse(Parser.java:279)
	at org.h2.command.Parser.parse(Parser.java:251)
	at org.h2.command.Parser.prepareCommand(Parser.java:217)
	at org.h2.engine.Session.prepareLocal(Session.java:415)
	at org.h2.engine.Session.prepareCommand(Session.java:364)
	at org.h2.jdbc.JdbcConnection.prepareCommand(JdbcConnection.java:1121)
	at org.h2.jdbc.JdbcPreparedStatement.<init>(JdbcPreparedStatement.java:71)
	at org.h2.jdbc.JdbcConnection.prepareStatement(JdbcConnection.java:267)
	at org.apache.commons.dbcp.DelegatingConnection.prepareStatement(DelegatingConnection.java:281)
	at org.apache.commons.dbcp.PoolingDataSource$PoolGuardConnectionWrapper.prepareStatement(PoolingDataSource.java:313)
	at grails.orm.PagedResultList.<init>(PagedResultList.java:55)
	at firstdemo.RaceController.list(script13911682840081976847007.groovy:15)
	at grails.plugin.cache.web.filter.PageFragmentCachingFilter.doFilter(PageFragmentCachingFilter.java:186)
	at grails.plugin.cache.web.filter.AbstractFilter.doFilter(AbstractFilter.java:63)
	at java.util.concurrent.ThreadPoolExecutor.runWorker(ThreadPoolExecutor.java:1145)
	at java.util.concurrent.ThreadPoolExecutor$Worker.run(ThreadPoolExecutor.java:615)
	at java.lang.Thread.run(Thread.java:744)
